[11:32:23] [User Authenticator #76/INFO]: UUID of player tokoroten823 is 6e547a61-27fd-49e0-befe-af3f9ee2aea5
[11:32:23] [Server thread/INFO]: tokoroten823[/106.168.74.199:64199] logged in with entity id 179689 at (-227.96155797155618, 77.0, 75.9761658743694)
[11:32:23] [Server thread/INFO]: tokoroten823 joined the game
[11:35:14] [Server thread/WARN]: Can't keep up! Is the server overloaded? Running 2063ms or 41 ticks behind
[11:57:11] [Server thread/INFO]: tokoroten823 has made the advancement [Voluntary Exile]
[11:57:31] [Server thread/INFO]: tokoroten823 lost connection: Disconnected
[11:57:31] [Server thread/INFO]: tokoroten823 left the game
[12:58:10] [User Authenticator #77/INFO]: UUID of player Iso_Kun is 81d90ee8-7615-4476-8b99-6fe11ce44dfa
[12:58:10] [Server thread/INFO]: Iso_Kun[/39.110.111.58:49656] logged in with entity id 182171 at (-252.87418335785728, 76.0, 81.85082465195262)
[12:58:10] [Server thread/INFO]: Iso_Kun joined the game
[13:10:50] [User Authenticator #78/INFO]: UUID of player tokoroten823 is 6e547a61-27fd-49e0-befe-af3f9ee2aea5
[13:10:50] [Server thread/INFO]: tokoroten823[/106.168.74.199:54700] logged in with entity id 183706 at (-309.16578697712794, 53.0, 121.77238721603312)
[13:10:50] [Server thread/INFO]: tokoroten823 joined the game
[13:12:49] [Server thread/INFO]: tokoroten823 has made the advancement [Suit Up]
[13:19:15] [Server thread/WARN]: Iso_Kun was kicked for floating too long!
[13:19:15] [Server thread/INFO]: Iso_Kun lost connection: Flying is not enabled on this server
[13:19:15] [Server thread/INFO]: Iso_Kun left the game
[13:19:15] [Server thread/WARN]: handleDisconnection() called twice
[13:19:20] [User Authenticator #79/INFO]: UUID of player Iso_Kun is 81d90ee8-7615-4476-8b99-6fe11ce44dfa
[13:19:20] [Server thread/INFO]: Iso_Kun[/39.110.111.58:50776] logged in with entity id 184841 at (-247.70000002533197, 76.0000002, 79.29999997466803)
[13:19:20] [Server thread/INFO]: Iso_Kun joined the game
[13:20:50] [User Authenticator #80/INFO]: UUID of player NOBUNAGA_zs is fb6384e8-224c-414d-bcb2-d846310c55e7
[13:20:50] [Server thread/INFO]: NOBUNAGA_zs[/106.154.120.191:50474] logged in with entity id 185074 at (-243.48190318054412, 77.0, 119.69999998807907)
[13:20:50] [Server thread/INFO]: NOBUNAGA_zs joined the game
[13:25:47] [Server thread/INFO]: tokoroten823 has made the advancement [Isn't It Iron Pick]
[13:42:06] [Server thread/INFO]: tokoroten823 has made the advancement [Diamonds!]
[13:43:25] [Server thread/INFO]: NOBUNAGA_zs lost connection: Disconnected
[13:43:25] [Server thread/INFO]: NOBUNAGA_zs left the game
[13:44:16] [User Authenticator #81/INFO]: UUID of player NOBUNAGA_zs is fb6384e8-224c-414d-bcb2-d846310c55e7
[13:44:16] [Server thread/INFO]: NOBUNAGA_zs[/106.154.120.191:50662] logged in with entity id 189771 at (-225.30000001192093, 10.0, 66.44536913344254)
[13:44:16] [Server thread/INFO]: NOBUNAGA_zs joined the game
[13:45:16] [Server thread/WARN]: Iso_Kun moved too quickly! -3.050080781185528,-0.7420008964847078,9.571193905869237
[13:45:16] [Server thread/WARN]: Can't keep up! Is the server overloaded? Running 2052ms or 41 ticks behind
[13:45:19] [Server thread/INFO]: Iso_Kun lost connection: Disconnected
[13:45:19] [Server thread/INFO]: Iso_Kun left the game
[13:45:23] [User Authenticator #82/INFO]: UUID of player Iso_Kun is 81d90ee8-7615-4476-8b99-6fe11ce44dfa
[13:45:23] [Server thread/INFO]: Iso_Kun[/39.110.111.58:50955] logged in with entity id 190004 at (-166.08914143650318, 18.0, 45.76491976203666)
[13:45:23] [Server thread/INFO]: Iso_Kun joined the game
[13:46:15] [Server thread/INFO]: NOBUNAGA_zs burned to death
[13:48:07] [Server thread/WARN]: Fetching packet for removed entity atx['Cobblestone'/190538, l='world', x=-262.44, y=59.23, z=13.28]
[13:48:58] [Server thread/INFO]: NOBUNAGA_zs burned to death
[13:50:03] [Server thread/INFO]: tokoroten823 has made the advancement [Enchanter]
[13:55:01] [Server thread/WARN]: Fetching packet for removed entity atx['Diorite'/191913, l='world', x=-227.53, y=11.00, z=74.65]
[13:55:22] [Server thread/INFO]: NOBUNAGA_zs lost connection: Disconnected
[13:55:22] [Server thread/INFO]: NOBUNAGA_zs left the game
[13:55:48] [User Authenticator #83/INFO]: UUID of player NOBUNAGA_zs is fb6384e8-224c-414d-bcb2-d846310c55e7
[13:55:48] [Server thread/INFO]: NOBUNAGA_zs[/106.154.120.191:50811] logged in with entity id 192098 at (-225.9493616436773, 11.0, 73.8396207114032)
[13:55:48] [Server thread/INFO]: NOBUNAGA_zs joined the game
[13:59:02] [Server thread/INFO]: Iso_Kun was shot by tokoroten823
[14:00:18] [Server thread/WARN]: Can't keep up! Is the server overloaded? Running 2063ms or 41 ticks behind
[14:03:04] [Server thread/INFO]: Incorrect argument for command
[14:03:04] [Server thread/INFO]: gamemode 1 iso_kun<--[HERE]
[14:03:12] [Server thread/INFO]: Set Iso_Kun's game mode to Creative Mode
[14:03:47] [Server thread/INFO]: Set Iso_Kun's game mode to Survival Mode
[14:05:20] [Server thread/WARN]: Iso_Kun moved too quickly! 8.210413042829657,-2.0724278036804407,-5.393811606934854
[14:05:20] [Server thread/WARN]: Can't keep up! Is the server overloaded? Running 2132ms or 42 ticks behind
[14:09:36] [Server thread/INFO]: Reloading!
[14:09:36] [Server thread/INFO]: Reloading ResourceManager: Default
[14:09:37] [Server thread/INFO]: Loaded 6 recipes
[14:09:37] [Server thread/INFO]: Loaded 811 advancements
[14:15:15] [Server thread/WARN]: Can't keep up! Is the server overloaded? Running 2022ms or 40 ticks behind
[14:15:33] [Server thread/INFO]: Iso_Kun lost connection: Disconnected
[14:15:33] [Server thread/INFO]: Iso_Kun left the game
[14:15:40] [User Authenticator #84/INFO]: UUID of player Iso_Kun is 81d90ee8-7615-4476-8b99-6fe11ce44dfa
[14:15:40] [Server thread/INFO]: Iso_Kun[/39.110.111.58:52062] logged in with entity id 197334 at (-219.70768624416428, 69.49520087700593, 58.08186193177794)
[14:15:40] [Server thread/INFO]: Iso_Kun joined the game
[14:23:09] [User Authenticator #85/INFO]: UUID of player Refrain321 is a88a3252-3e9c-427b-b46a-a5f1faafc8a5
[14:23:09] [Server thread/INFO]: Refrain321[/131.213.50.249:54394] logged in with entity id 198832 at (-256.67415585618437, 76.875, 80.45351909559258)
[14:23:09] [Server thread/INFO]: Refrain321 joined the game
[14:23:28] [Server thread/INFO]: Refrain321 was slain by NOBUNAGA_zs
[14:23:43] [Server thread/INFO]: <NOBUNAGA_zs> ごめんな
[14:26:30] [Server thread/INFO]: Refrain321 was shot by tokoroten823
[14:26:41] [Server thread/WARN]: Fetching packet for removed entity atx['Sugar Cane'/199590, l='world', x=-265.19, y=70.03, z=18.64]
[14:27:25] [Server thread/INFO]: Refrain321 was shot by tokoroten823
[14:28:48] [Server thread/INFO]: Refrain321 lost connection: Disconnected
[14:28:48] [Server thread/INFO]: Refrain321 left the game
[14:28:53] [User Authenticator #86/INFO]: UUID of player Refrain321 is a88a3252-3e9c-427b-b46a-a5f1faafc8a5
[14:28:53] [Server thread/INFO]: Refrain321[/131.213.50.249:57891] logged in with entity id 200360 at (-254.6916506399222, 76.0, 82.76569760763824)
[14:28:53] [Server thread/INFO]: Refrain321 joined the game
[14:30:24] [Server thread/WARN]: Can't keep up! Is the server overloaded? Running 2210ms or 44 ticks behind
[14:30:59] [Server thread/INFO]: <NOBUNAGA_zs> ./ban Refrain321
[14:31:20] [Server thread/WARN]: Can't keep up! Is the server overloaded? Running 2004ms or 40 ticks behind
[14:32:30] [Server thread/WARN]: Can't keep up! Is the server overloaded? Running 2076ms or 41 ticks behind
[14:32:50] [Server thread/WARN]: Can't keep up! Is the server overloaded? Running 5304ms or 106 ticks behind
[14:33:05] [Server thread/WARN]: Horse moved wrongly!
[14:33:05] [Server thread/WARN]: Horse moved wrongly!
[14:33:05] [Server thread/WARN]: Horse moved wrongly!
[14:33:05] [Server thread/WARN]: Horse moved wrongly!
[14:33:05] [Server thread/WARN]: Horse moved wrongly!
[14:33:05] [Server thread/WARN]: Horse moved wrongly!
[14:33:05] [Server thread/WARN]: Horse moved wrongly!
[14:33:07] [Server thread/WARN]: Horse moved wrongly!
[14:33:07] [Server thread/WARN]: Horse moved wrongly!
[14:33:08] [Server thread/WARN]: Horse moved wrongly!
[14:33:08] [Server thread/WARN]: Horse moved wrongly!
[14:33:08] [Server thread/WARN]: Horse moved wrongly!
[14:33:08] [Server thread/WARN]: Horse moved wrongly!
[14:33:21] [Server thread/WARN]: Can't keep up! Is the server overloaded? Running 15968ms or 319 ticks behind
[14:33:45] [Server thread/INFO]: Refrain321 lost connection: べろべろばー
[14:33:45] [Server thread/INFO]: Refrain321 left the game
[14:33:45] [Server thread/INFO]: Kicked Refrain321: べろべろばー
[14:33:45] [Server thread/WARN]: handleDisconnection() called twice
[14:33:50] [Server thread/WARN]: Can't keep up! Is the server overloaded? Running 14633ms or 292 ticks behind
[14:33:56] [User Authenticator #87/INFO]: UUID of player Refrain321 is a88a3252-3e9c-427b-b46a-a5f1faafc8a5
[14:33:57] [Server thread/INFO]: Refrain321[/131.213.50.249:57431] logged in with entity id 201633 at (-235.60200464725494, 72.98886442921152, 119.1192511309254)
[14:33:57] [Server thread/INFO]: Refrain321 joined the game
[14:34:10] [Server thread/INFO]: <NOBUNAGA_zs> 331 254
[14:34:29] [Server thread/WARN]: Can't keep up! Is the server overloaded? Running 23260ms or 465 ticks behind
[14:34:43] [Server thread/INFO]: Unknown command
[14:34:43] [Server thread/INFO]: [A[B<--[HERE]
[14:34:52] [Server thread/WARN]: Can't keep up! Is the server overloaded? Running 8420ms or 168 ticks behind
[14:35:27] [Server thread/WARN]: Can't keep up! Is the server overloaded? Running 19628ms or 392 ticks behind
[14:35:56] [Server thread/WARN]: Horse (vehicle of Iso_Kun) moved too quickly! 10.098613724102478,0.0,-1.1466894390344464
[14:35:56] [Server thread/WARN]: Horse (vehicle of Iso_Kun) moved too quickly! 10.659926855129413,0.0,-1.2085023276075333
[14:35:56] [Server thread/WARN]: Horse (vehicle of Iso_Kun) moved too quickly! 11.221240000527786,0.0,-1.2703151179924532
[14:35:56] [Server thread/WARN]: Horse (vehicle of Iso_Kun) moved too quickly! 11.782553153616021,0.0,-1.3321278558388485
[14:35:56] [Server thread/WARN]: Horse (vehicle of Iso_Kun) moved too quickly! 12.343866310818953,0.0,-1.3939405655729047
[14:35:56] [Server thread/WARN]: Horse (vehicle of Iso_Kun) moved too quickly! 12.905179470223572,0.0,-1.455753260264629
[14:35:56] [Server thread/WARN]: Horse (vehicle of Iso_Kun) moved too quickly! 13.466492630806215,0.0,-1.5175659469074958
[14:35:56] [Server thread/WARN]: Horse (vehicle of Iso_Kun) moved too quickly! 14.027805792019308,0.0,-1.579378629243564
[14:35:56] [Server thread/WARN]: Horse (vehicle of Iso_Kun) moved too quickly! 14.589118953569596,0.0,-1.6411913092751718
[14:35:56] [Server thread/WARN]: Horse (vehicle of Iso_Kun) moved too quickly! 15.150432115300418,0.0,-1.7030039880737036
[14:35:56] [Server thread/WARN]: Horse (vehicle of Iso_Kun) moved too quickly! 15.711745277127875,0.0,-1.7648166662124254
[14:35:56] [Server thread/WARN]: Horse (vehicle of Iso_Kun) moved too quickly! 16.273058439006945,0.0,-1.8266293439981212
[14:35:56] [Server thread/WARN]: Horse (vehicle of Iso_Kun) moved too quickly! 16.83437160091364,0.0,-1.8884420215948978
[14:35:56] [Server thread/WARN]: Horse (vehicle of Iso_Kun) moved too quickly! 17.39568476283523,0.0,-1.950254699090607
[14:35:56] [Server thread/WARN]: Horse (vehicle of Iso_Kun) moved too quickly! 17.956997924764664,0.0,-2.0120673765322294
[14:35:56] [Server thread/WARN]: Horse (vehicle of Iso_Kun) moved too quickly! 18.518311086698304,0.0,-2.0738800539449187
[14:35:56] [Server thread/WARN]: Horse (vehicle of Iso_Kun) moved too quickly! 19.07962424863433,0.0,-2.135692731342118
[14:35:56] [Server thread/WARN]: Horse (vehicle of Iso_Kun) moved too quickly! 19.640937410571496,0.0,-2.1975054087310184
[14:35:56] [Server thread/WARN]: Horse (vehicle of Iso_Kun) moved too quickly! 20.20225057250923,0.0,-2.259318086115485
[14:35:56] [Server thread/WARN]: Horse (vehicle of Iso_Kun) moved too quickly! 20.763563734447416,0.0,-2.3211307634975924
[14:35:56] [Server thread/WARN]: Horse (vehicle of Iso_Kun) moved too quickly! 21.324876896385717,0.0,-2.382943440878421
[14:35:56] [Server thread/WARN]: Horse (vehicle of Iso_Kun) moved too quickly! 21.886190058324132,0.0,-2.4447561182585673
[14:35:56] [Server thread/WARN]: Horse (vehicle of Iso_Kun) moved too quickly! 22.44750322026266,0.0,-2.5065687956383442
[14:35:56] [Server thread/WARN]: Horse (vehicle of Iso_Kun) moved too quickly! 23.00881638220119,0.0,-2.5683814730179506
[14:35:56] [Server thread/WARN]: Horse (vehicle of Iso_Kun) moved too quickly! 23.570129544139718,0.0,-2.6301941503974433
[14:35:56] [Server thread/WARN]: Horse (vehicle of Iso_Kun) moved too quickly! 24.131442706078246,0.0,-2.692006827776879
[14:35:56] [Server thread/WARN]: Horse (vehicle of Iso_Kun) moved too quickly! 24.692755868016775,0.0,-2.7538195051562866
[14:35:56] [Server thread/WARN]: Horse (vehicle of Iso_Kun) moved too quickly! 25.254069029955303,0.0,-2.8156321825356656
[14:35:56] [Server thread/WARN]: Horse (vehicle of Iso_Kun) moved too quickly! 25.815382191893832,0.0,-2.8774448599150446
[14:35:56] [Server thread/WARN]: Horse (vehicle of Iso_Kun) moved too quickly! 26.37669535383236,0.0,-2.9392575372944236
[14:35:56] [Server thread/WARN]: Horse (vehicle of Iso_Kun) moved too quickly! 26.677042835408542,0.0,-2.9723322685482856
[14:35:56] [Server thread/WARN]: Horse (vehicle of Iso_Kun) moved too quickly! 26.837752784517306,0.0,-2.9900298978032254
[14:35:56] [Server thread/WARN]: Horse (vehicle of Iso_Kun) moved too quickly! 26.92374547407462,0.0,-2.9994995463648877
[14:35:56] [Server thread/WARN]: Horse (vehicle of Iso_Kun) moved too quickly! 26.969758447747495,0.0,-3.004566566505815
[14:35:56] [Server thread/WARN]: Horse (vehicle of Iso_Kun) moved too quickly! 26.99437907256015,0.0,-3.004566566505815
[14:35:56] [Server thread/WARN]: Horse (vehicle of Iso_Kun) moved too quickly! 27.00755307801512,0.0,-3.004566566505815
[14:35:56] [Server thread/WARN]: Horse (vehicle of Iso_Kun) moved too quickly! 27.01460222567266,0.0,-3.004566566505815
[14:35:56] [Server thread/WARN]: Horse (vehicle of Iso_Kun) moved too quickly! 27.018374084039465,0.0,-3.004566566505815
[14:35:56] [Server thread/WARN]: Horse (vehicle of Iso_Kun) moved too quickly! 27.018374084039465,0.0,-3.004566566505815
[14:35:56] [Server thread/WARN]: Horse (vehicle of Iso_Kun) moved too quickly! 27.018374084039465,0.0,-3.004566566505815
[14:35:56] [Server thread/WARN]: Horse (vehicle of Iso_Kun) moved too quickly! 27.018374084039465,0.0,-3.004566566505815
[14:35:56] [Server thread/WARN]: Horse (vehicle of Iso_Kun) moved too quickly! 27.018374084039465,0.0,-3.004566566505815
[14:35:56] [Server thread/WARN]: Horse (vehicle of Iso_Kun) moved too quickly! 27.018374084039465,0.0,-3.004566566505815
[14:35:56] [Server thread/WARN]: Horse (vehicle of Iso_Kun) moved too quickly! 27.018374084039465,0.0,-3.004566566505815
[14:35:56] [Server thread/WARN]: Horse (vehicle of Iso_Kun) moved too quickly! 27.018374084039465,0.0,-3.004566566505815
[14:35:56] [Server thread/WARN]: Horse (vehicle of Iso_Kun) moved too quickly! 27.018374084039465,0.0,-3.004566566505815
[14:35:56] [Server thread/WARN]: Horse (vehicle of Iso_Kun) moved too quickly! 27.018374084039465,0.0,-3.004566566505815
[14:35:56] [Server thread/WARN]: Horse (vehicle of NOBUNAGA_zs) moved too quickly! 10.106921287748492,0.0,2.3093531103365024
[14:35:56] [Server thread/WARN]: Horse (vehicle of NOBUNAGA_zs) moved too quickly! 10.56179472015424,0.0,2.313472320251094
[14:35:56] [Server thread/WARN]: Horse (vehicle of NOBUNAGA_zs) moved too quickly! 11.016959644064514,0.0,2.296809649807983
[14:35:56] [Server thread/WARN]: Horse (vehicle of NOBUNAGA_zs) moved too quickly! 11.472082132615924,0.0,2.2688770112659995
[14:35:56] [Server thread/WARN]: Horse (vehicle of NOBUNAGA_zs) moved too quickly! 11.92689711837511,1.0,2.2319747480462695
[14:35:56] [Server thread/WARN]: Horse (vehicle of NOBUNAGA_zs) moved too quickly! 12.38142220341183,1.0,2.1890984583512534
[14:35:56] [Server thread/WARN]: Horse (vehicle of NOBUNAGA_zs) moved too quickly! 12.835792168351873,1.0,2.143025586198547
[14:35:56] [Server thread/WARN]: Horse (vehicle of NOBUNAGA_zs) moved too quickly! 13.290079131620928,1.0,2.095242286505737
[14:35:56] [Server thread/WARN]: Horse (vehicle of NOBUNAGA_zs) moved too quickly! 13.744447044460117,1.0,2.0477183302836863
[14:35:56] [Server thread/WARN]: Horse (vehicle of NOBUNAGA_zs) moved too quickly! 14.199219670718435,1.0,2.0041448177049404
[14:35:56] [Server thread/WARN]: Horse (vehicle of NOBUNAGA_zs) moved too quickly! 14.654541824773105,1.0,1.967112324637327
[14:35:56] [Server thread/WARN]: Horse (vehicle of NOBUNAGA_zs) moved too quickly! 15.11034248646854,1.0,1.9368127148939038
[14:35:56] [Server thread/WARN]: Horse (vehicle of NOBUNAGA_zs) moved too quickly! 15.56645420254199,1.0,1.911295684999942
[14:35:56] [Server thread/WARN]: Horse (vehicle of Refrain321) moved too quickly! -10.17402806413628,0.0,-1.888261806829135
[14:35:56] [Server thread/WARN]: Horse (vehicle of Refrain321) moved too quickly! -10.515213033592204,0.0,-1.9987547391803844
[14:35:56] [Server thread/WARN]: Horse (vehicle of Refrain321) moved too quickly! -10.855819122358412,0.0,-2.1090650580427166
[14:35:56] [Server thread/WARN]: Horse (vehicle of Refrain321) moved too quickly! -11.195037267695739,0.0,-2.222494215368201
[14:35:56] [Server thread/WARN]: Horse (vehicle of Refrain321) moved too quickly! -11.520498997706795,0.0,-2.3661090753173397
[14:35:56] [Server thread/WARN]: Horse (vehicle of Refrain321) moved too quickly! -11.816046274372866,0.0,-2.5563590344179943
[14:35:56] [Server thread/WARN]: Horse (vehicle of Refrain321) moved too quickly! -12.083515490081595,0.0,-2.7832411175829037
[14:35:56] [Server thread/WARN]: Horse (vehicle of Refrain321) moved too quickly! -12.334756466988154,0.0,-3.030766730159172
[14:35:56] [Server thread/WARN]: Horse (vehicle of Refrain321) moved too quickly! -12.577314036867847,0.0,-3.289338283735887
[14:35:56] [Server thread/WARN]: Horse (vehicle of Refrain321) moved too quickly! -12.815068015770976,0.0,-3.5539549570129054
[14:35:56] [Server thread/WARN]: Horse (vehicle of Refrain321) moved too quickly! -13.050251688915807,0.0,-3.8218062533148753
[14:35:56] [Server thread/WARN]: Horse (vehicle of Refrain321) moved too quickly! -13.284060042695728,0.0,-4.09138833190606
[14:35:56] [Server thread/WARN]: Horse (vehicle of Refrain321) moved too quickly! -13.517132490504423,0.0,-4.361896517592143
[14:35:56] [Server thread/WARN]: Horse (vehicle of Refrain321) moved too quickly! -13.749811169700251,0.0,-4.632900244720119
[14:35:56] [Server thread/WARN]: Horse (vehicle of Refrain321) moved too quickly! -13.982738424379988,0.0,-4.9037749485330835
[14:35:56] [Server thread/WARN]: Horse (vehicle of Refrain321) moved too quickly! -14.217155890594654,0.0,-5.1733985964635565
[14:35:56] [Server thread/WARN]: Horse (vehicle of Refrain321) moved too quickly! -14.455046350866837,0.0,-5.439945036366765
[14:35:56] [Server thread/WARN]: Horse (vehicle of Iso_Kun) moved too quickly! 17.481073464105464,0.0,-1.9196901995462952
[14:35:56] [Server thread/WARN]: Horse (vehicle of Refrain321) moved too quickly! -14.697990962539109,0.0,-5.701826684031019
[14:35:56] [Server thread/WARN]: Horse (vehicle of Refrain321) moved too quickly! -14.948697797414354,0.0,-5.95609003449529
[14:35:56] [Server thread/WARN]: Horse (vehicle of Refrain321) moved too quickly! -15.208128099826979,0.0,-6.201241011916522
[14:35:56] [Server thread/WARN]: Horse (vehicle of Iso_Kun) moved too quickly! 17.481073464105464,0.0,-1.9196901995462952
[14:35:56] [Server thread/WARN]: Horse (vehicle of Iso_Kun) moved too quickly! 17.481073464105464,0.0,-1.9196901995462952
[14:35:56] [Server thread/WARN]: Horse (vehicle of Refrain321) moved too quickly! -15.477082755691299,0.0,-6.435674700172882
[14:35:57] [Server thread/WARN]: Horse moved wrongly!
[14:35:57] [Server thread/WARN]: Horse moved wrongly!
[14:35:57] [Server thread/WARN]: Horse moved wrongly!
[14:35:57] [Server thread/WARN]: Horse moved wrongly!
[14:35:57] [Server thread/WARN]: Horse moved wrongly!
[14:35:57] [Server thread/WARN]: Horse moved wrongly!
[14:35:57] [Server thread/WARN]: Horse moved wrongly!
[14:35:57] [Server thread/WARN]: Horse moved wrongly!
[14:35:57] [Server thread/WARN]: Horse moved wrongly!
[14:35:57] [Server thread/WARN]: Horse moved wrongly!
[14:35:57] [Server thread/WARN]: Horse moved wrongly!
[14:35:57] [Server thread/WARN]: Horse moved wrongly!
[14:35:57] [Server thread/WARN]: Horse moved wrongly!
[14:35:57] [Server thread/WARN]: Horse moved wrongly!
[14:35:57] [Server thread/WARN]: Horse moved wrongly!
[14:35:57] [Server thread/WARN]: Horse moved wrongly!
[14:35:57] [Server thread/WARN]: Horse moved wrongly!
[14:35:57] [Server thread/WARN]: Horse moved wrongly!
[14:35:57] [Server thread/WARN]: Horse moved wrongly!
[14:35:57] [Server thread/WARN]: Horse moved wrongly!
[14:35:57] [Server thread/WARN]: Horse moved wrongly!
[14:35:57] [Server thread/WARN]: Horse moved wrongly!
[14:35:57] [Server thread/WARN]: Horse moved wrongly!
[14:35:57] [Server thread/WARN]: Horse moved wrongly!
[14:35:57] [Server thread/WARN]: Horse moved wrongly!
[14:35:57] [Server thread/WARN]: Horse moved wrongly!
[14:35:57] [Server thread/WARN]: Horse moved wrongly!
[14:35:57] [Server thread/WARN]: Horse moved wrongly!
[14:36:09] [Server thread/WARN]: Can't keep up! Is the server overloaded? Running 27026ms or 540 ticks behind
[14:36:49] [Server thread/WARN]: Can't keep up! Is the server overloaded? Running 25020ms or 500 ticks behind
[14:37:22] [Server thread/INFO]: Iso_Kun lost connection: Disconnected
[14:37:22] [Server thread/INFO]: Iso_Kun left the game
[14:37:29] [User Authenticator #88/INFO]: UUID of player Iso_Kun is 81d90ee8-7615-4476-8b99-6fe11ce44dfa
[14:37:29] [Server thread/INFO]: Iso_Kun[/39.110.111.58:52339] logged in with entity id 203690 at (136.98462594914014, 64.8500000178814, 238.30175781250003)
[14:37:29] [Server thread/INFO]: Iso_Kun joined the game
[14:37:41] [Server thread/WARN]: Can't keep up! Is the server overloaded? Running 37366ms or 747 ticks behind
[14:38:20] [Server thread/WARN]: Can't keep up! Is the server overloaded? Running 23832ms or 476 ticks behind
[14:38:48] [Server thread/WARN]: Can't keep up! Is the server overloaded? Running 13620ms or 272 ticks behind
[14:38:59] [Server thread/INFO]: Incorrect argument for command
[14:38:59] [Server thread/INFO]: locate refrain321<--[HERE]
[14:39:10] [Server thread/INFO]: Teleported Iso_Kun to Refrain321
[14:39:22] [Server thread/WARN]: Iso_Kun moved too quickly! -6.719178250353423,-2.281028603410462,7.294769193890787
[14:39:24] [Server thread/WARN]: Can't keep up! Is the server overloaded? Running 20151ms or 403 ticks behind
[14:39:47] [Server thread/WARN]: Can't keep up! Is the server overloaded? Running 8120ms or 162 ticks behind
[14:40:16] [Server thread/WARN]: Can't keep up! Is the server overloaded? Running 14007ms or 280 ticks behind
[14:40:24] [Server thread/WARN]: Iso_Kun was kicked for floating too long!
[14:40:24] [Server thread/INFO]: Iso_Kun lost connection: Flying is not enabled on this server
[14:40:24] [Server thread/INFO]: Iso_Kun left the game
[14:40:25] [Server thread/WARN]: handleDisconnection() called twice
[14:40:28] [Server thread/INFO]: Refrain321 fell from a high place
[14:40:29] [Server thread/INFO]: NOBUNAGA_zs lost connection: Disconnected
[14:40:29] [Server thread/INFO]: NOBUNAGA_zs left the game
[14:40:29] [User Authenticator #89/INFO]: UUID of player Iso_Kun is 81d90ee8-7615-4476-8b99-6fe11ce44dfa
[14:40:29] [Server thread/INFO]: Iso_Kun[/39.110.111.58:52354] logged in with entity id 204592 at (-310.59143206700867, 69.8500000178814, -66.38620519506956)
[14:40:29] [Server thread/INFO]: Iso_Kun joined the game
[14:40:34] [User Authenticator #90/INFO]: UUID of player NOBUNAGA_zs is fb6384e8-224c-414d-bcb2-d846310c55e7
[14:40:34] [Server thread/INFO]: NOBUNAGA_zs[/106.154.120.191:50976] logged in with entity id 204601 at (639.2959880468788, 70.0, 236.51249998807907)
[14:40:34] [Server thread/INFO]: NOBUNAGA_zs joined the game
[14:40:45] [Server thread/WARN]: Can't keep up! Is the server overloaded? Running 14508ms or 290 ticks behind
[14:41:08] [Server thread/WARN]: Can't keep up! Is the server overloaded? Running 7514ms or 150 ticks behind
[14:41:32] [Server thread/WARN]: Can't keep up! Is the server overloaded? Running 9194ms or 183 ticks behind
[14:41:56] [Server thread/WARN]: Can't keep up! Is the server overloaded? Running 9598ms or 191 ticks behind
[14:42:36] [Server thread/WARN]: Horse moved wrongly!
[14:42:36] [Server thread/WARN]: Horse moved wrongly!
[14:42:36] [Server thread/WARN]: Horse moved wrongly!
[14:42:37] [Server thread/WARN]: Can't keep up! Is the server overloaded? Running 25511ms or 510 ticks behind
[14:42:56] [Server thread/INFO]: Refrain321 tried to swim in lava
[14:43:25] [Server thread/WARN]: Can't keep up! Is the server overloaded? Running 32984ms or 659 ticks behind
[14:43:31] [Server thread/INFO]: Refrain321 lost connection: Disconnected
[14:43:31] [Server thread/INFO]: Refrain321 left the game
[14:43:48] [Server thread/INFO]: NOBUNAGA_zs lost connection: Disconnected
[14:43:48] [Server thread/INFO]: NOBUNAGA_zs left the game
[14:43:55] [Server thread/INFO]: Iso_Kun lost connection: Disconnected
[14:43:55] [Server thread/INFO]: Iso_Kun left the game
[14:43:59] [Server thread/WARN]: Can't keep up! Is the server overloaded? Running 19113ms or 382 ticks behind
[14:44:54] [Server thread/INFO]: tokoroten823 lost connection: Disconnected
[14:44:54] [Server thread/INFO]: tokoroten823 left the game
[14:44:59] [Server thread/INFO]: Saving the game (this may take a moment!)
[14:45:01] [Server thread/INFO]: Saved the game
[14:45:01] [Server thread/WARN]: Can't keep up! Is the server overloaded? Running 2097ms or 41 ticks behind
[14:45:01] [Server thread/INFO]: Unknown command
[14:45:01] [Server thread/INFO]: quit<--[HERE]
[14:45:05] [Server thread/INFO]: Unknown command
[14:45:05] [Server thread/INFO]: quit<--[HERE]
[14:45:24] [Server thread/INFO]: Unknown command
[14:45:24] [Server thread/INFO]: <--[HERE]
[14:45:25] [Server thread/INFO]: Unknown command
[14:45:25] [Server thread/INFO]: <--[HERE]
[14:46:05] [User Authenticator #91/INFO]: UUID of player NOBUNAGA_zs is fb6384e8-224c-414d-bcb2-d846310c55e7
[14:46:05] [Server thread/INFO]: NOBUNAGA_zs[/106.154.120.191:50993] logged in with entity id 206127 at (659.373630920659, 73.8500000178814, 666.5448266823107)
[14:46:05] [Server thread/INFO]: NOBUNAGA_zs joined the game
[14:46:11] [Server thread/INFO]: NOBUNAGA_zs lost connection: Disconnected
[14:46:11] [Server thread/INFO]: NOBUNAGA_zs left the game
[14:46:27] [Server thread/INFO]: Stopping server
[14:46:27] [Server thread/INFO]: Saving players
[14:46:27] [Server thread/INFO]: Saving worlds
[14:46:27] [Server thread/INFO]: Saving chunks for level 'world'/minecraft:the_end
[14:46:27] [Server thread/INFO]: ThreadedAnvilChunkStorage (DIM1): All chunks are saved
[14:46:27] [Server thread/INFO]: Saving chunks for level 'world'/minecraft:the_nether
[14:46:27] [Server thread/INFO]: ThreadedAnvilChunkStorage (DIM-1): All chunks are saved
[14:46:27] [Server thread/INFO]: Saving chunks for level 'world'/minecraft:overworld
[14:46:27] [Server thread/INFO]: ThreadedAnvilChunkStorage (world): All chunks are saved
[14:46:27] [Server thread/INFO]: ThreadedAnvilChunkStorage (DIM1): All chunks are saved
[14:46:27] [Server thread/INFO]: ThreadedAnvilChunkStorage (DIM-1): All chunks are saved
[14:46:27] [Server thread/INFO]: ThreadedAnvilChunkStorage (world): All chunks are saved
